org.fusesource.scalate.InvalidSyntaxException: Missing if at 9.2
	at org.fusesource.scalate.ssp.SspCodeGenerator.org$fusesource$scalate$ssp$SspCodeGenerator$$expect$1(SspCodeGenerator.scala:180)
	at org.fusesource.scalate.ssp.SspCodeGenerator.checkSyntax(SspCodeGenerator.scala:201)
	at org.fusesource.scalate.ssp.SspCodeGenerator.generate(SspCodeGenerator.scala:158)
	at org.fusesource.scalate.TemplateEngine.generateScala(TemplateEngine.scala:355)
	at com.mojolly.scalate.Generator$$anonfun$execute$1.applyOrElse(Generator.scala:65)
	at com.mojolly.scalate.Generator$$anonfun$execute$1.applyOrElse(Generator.scala:61)
	at scala.runtime.AbstractPartialFunction.apply(AbstractPartialFunction.scala:33)
	at scala.collection.TraversableLike$$anonfun$collect$1.apply(TraversableLike.scala:278)
	at scala.collection.immutable.List.foreach(List.scala:309)
	at scala.collection.TraversableLike$class.collect(TraversableLike.scala:278)
	at scala.collection.AbstractTraversable.collect(Traversable.scala:105)
	at com.mojolly.scalate.Generator.execute(Generator.scala:61)
	at sun.reflect.NativeMethodAccessorImpl.invoke0(Native Method)
	at sun.reflect.NativeMethodAccessorImpl.invoke(NativeMethodAccessorImpl.java:39)
	at sun.reflect.DelegatingMethodAccessorImpl.invoke(DelegatingMethodAccessorImpl.java:25)
	at java.lang.reflect.Method.invoke(Method.java:597)
	at com.mojolly.scalate.ScalatePlugin$$anonfun$generateScalateSource$1$$anonfun$apply$1.apply(ScalatePlugin.scala:101)
	at com.mojolly.scalate.ScalatePlugin$$anonfun$generateScalateSource$1$$anonfun$apply$1.apply(ScalatePlugin.scala:73)
	at scala.collection.TraversableLike$$anonfun$flatMap$1.apply(TraversableLike.scala:251)
	at scala.collection.TraversableLike$$anonfun$flatMap$1.apply(TraversableLike.scala:251)
	at scala.collection.immutable.List.foreach(List.scala:318)
	at scala.collection.TraversableLike$class.flatMap(TraversableLike.scala:251)
	at scala.collection.AbstractTraversable.flatMap(Traversable.scala:105)
	at com.mojolly.scalate.ScalatePlugin$$anonfun$generateScalateSource$1.apply(ScalatePlugin.scala:73)
	at com.mojolly.scalate.ScalatePlugin$$anonfun$generateScalateSource$1.apply(ScalatePlugin.scala:72)
	at com.mojolly.scalate.ScalatePlugin$.withScalateClassLoader(ScalatePlugin.scala:129)
	at com.mojolly.scalate.ScalatePlugin$.generateScalateSource(ScalatePlugin.scala:72)
	at com.mojolly.scalate.ScalatePlugin$$anonfun$scalateSourceGeneratorTask$1.apply(ScalatePlugin.scala:52)
	at com.mojolly.scalate.ScalatePlugin$$anonfun$scalateSourceGeneratorTask$1.apply(ScalatePlugin.scala:52)
	at scala.Function6$$anonfun$tupled$1.apply(Function6.scala:35)
	at scala.Function6$$anonfun$tupled$1.apply(Function6.scala:34)
	at scala.Function1$$anonfun$compose$1.apply(Function1.scala:47)
	at sbt.$tilde$greater$$anonfun$$u2219$1.apply(TypeFunctions.scala:42)
	at sbt.std.Transform$$anon$4.work(System.scala:64)
	at sbt.Execute$$anonfun$submit$1$$anonfun$apply$1.apply(Execute.scala:237)
	at sbt.Execute$$anonfun$submit$1$$anonfun$apply$1.apply(Execute.scala:237)
	at sbt.ErrorHandling$.wideConvert(ErrorHandling.scala:18)
	at sbt.Execute.work(Execute.scala:244)
	at sbt.Execute$$anonfun$submit$1.apply(Execute.scala:237)
	at sbt.Execute$$anonfun$submit$1.apply(Execute.scala:237)
	at sbt.ConcurrentRestrictions$$anon$4$$anonfun$1.apply(ConcurrentRestrictions.scala:160)
	at sbt.CompletionService$$anon$2.call(CompletionService.scala:30)
	at java.util.concurrent.FutureTask$Sync.innerRun(FutureTask.java:303)
	at java.util.concurrent.FutureTask.run(FutureTask.java:138)
	at java.util.concurrent.Executors$RunnableAdapter.call(Executors.java:439)
	at java.util.concurrent.FutureTask$Sync.innerRun(FutureTask.java:303)
	at java.util.concurrent.FutureTask.run(FutureTask.java:138)
	at java.util.concurrent.ThreadPoolExecutor$Worker.runTask(ThreadPoolExecutor.java:895)
	at java.util.concurrent.ThreadPoolExecutor$Worker.run(ThreadPoolExecutor.java:918)
	at java.lang.Thread.run(Thread.java:695)
[0m[[31merror[0m] [0m(compile:[31mmanagedSources[0m) org.fusesource.scalate.InvalidSyntaxException: Missing if at 9.2[0m
